2017-03-02 00:05:47,702 DEBUG  -=TestNG EXECUTOR=-  Test was failed - New screenshot was  created - screenshots\02.03.2017_12.05_checkMortgagePaymentCalculator.png
2017-03-02 00:07:57,714 DEBUG  -=TestNG EXECUTOR=-  Test was failed - New screenshot was  created - screenshots\02.03.2017_12.07_checkMortgagePaymentCalculator.png
2017-03-02 00:08:58,038 DEBUG  -=TestNG EXECUTOR=-  Test was failed - New screenshot was  created - screenshots\02.03.2017_12.08_openMainPageWithCorrectLanguage.png
2017-03-02 00:12:03,923 DEBUG  -=TestNG EXECUTOR=-  Test was failed - New screenshot was  created - screenshots\02.03.2017_12.12_openMainPageWithCorrectLanguage.png
2017-03-02 00:18:27,605 DEBUG  -=TestNG EXECUTOR=-  ========================================================================= TestNG is going to start ====================================================================================
2017-03-02 00:18:27,672 DEBUG  -=TestNG EXECUTOR=-  !!!!!!!!!!!!!!!!!!!!!!!!!!!!!!!!!!!!!!!!!!!!!!!!!!!!!!!!!!!!!!!!!
2017-03-02 00:18:27,673 DEBUG  -=TestNG EXECUTOR=-  Corevalue test task   is  starting ...
2017-03-02 00:18:31,347 DEBUG  -=TestNG EXECUTOR=-  ................................................................
2017-03-02 00:18:31,348 DEBUG  -=TestNG EXECUTOR=-  openMainPageWithCorrectLanguage from [TestClass name=class aqa.TestE2E]  is  starting ...
2017-03-02 00:18:31,348 DEBUG  -=TestNG EXECUTOR=-  ................................................................
2017-03-02 00:18:38,150 DEBUG  -=TestNG EXECUTOR=-  openMainPageWithCorrectLanguage from [TestClass name=class aqa.TestE2E]<FONT color="red">  FAILED </FONT>
2017-03-02 00:18:38,535 DEBUG  -=TestNG EXECUTOR=-  New screenshot was  created - screenshots\02.03.2017_12.18_openMainPageWithCorrectLanguage.png
2017-03-02 00:18:38,536 DEBUG  -=TestNG EXECUTOR=-  switchToMortagePaymentCalculatorPage from [TestClass name=class aqa.TestE2E]  SKIPPED
2017-03-02 00:18:38,536 DEBUG  -=TestNG EXECUTOR=-  checkMortgagePaymentCalculator from [TestClass name=class aqa.TestE2E]  SKIPPED
2017-03-02 00:18:39,302 DEBUG  -=TestNG EXECUTOR=-  !!!!!!!!!!!!!!!!!!!!!!!!!!!!!!!!!!!!!!!!!!!!!!!!!!!!!!!!!!!!!!!!!
2017-03-02 00:18:39,302 DEBUG  -=TestNG EXECUTOR=-  Corevalue test task  has FINISHED ...
2017-03-02 00:18:39,302 DEBUG  -=TestNG EXECUTOR=-  TestNG has finished, took around 11 seconds
2017-03-02 00:18:39,302 DEBUG  -=TestNG EXECUTOR=-  
2017-03-02 00:18:39,302 DEBUG  -=TestNG EXECUTOR=-  
2017-03-02 00:20:21,646 DEBUG  -=TestNG EXECUTOR=-  ========================================================================= TestNG is going to start ====================================================================================
2017-03-02 00:20:21,713 DEBUG  -=TestNG EXECUTOR=-  !!!!!!!!!!!!!!!!!!!!!!!!!!!!!!!!!!!!!!!!!!!!!!!!!!!!!!!!!!!!!!!!!
2017-03-02 00:20:21,713 DEBUG  -=TestNG EXECUTOR=-  Corevalue test task   is  starting ...
2017-03-02 00:20:25,399 DEBUG  -=TestNG EXECUTOR=-  ................................................................
2017-03-02 00:20:25,400 DEBUG  -=TestNG EXECUTOR=-  openMainPageWithCorrectLanguage from [TestClass name=class aqa.TestE2E]  is  starting ...
2017-03-02 00:20:25,400 DEBUG  -=TestNG EXECUTOR=-  ................................................................
2017-03-02 00:20:32,285 DEBUG  -=TestNG EXECUTOR=-  openMainPageWithCorrectLanguage from [TestClass name=class aqa.TestE2E]  PASSED
2017-03-02 00:20:32,311 DEBUG  -=TestNG EXECUTOR=-  ................................................................
2017-03-02 00:20:32,311 DEBUG  -=TestNG EXECUTOR=-  switchToMortagePaymentCalculatorPage from [TestClass name=class aqa.TestE2E]  is  starting ...
2017-03-02 00:20:32,311 DEBUG  -=TestNG EXECUTOR=-  ................................................................
2017-03-02 00:20:40,511 DEBUG  -=TestNG EXECUTOR=-  switchToMortagePaymentCalculatorPage from [TestClass name=class aqa.TestE2E]  PASSED
2017-03-02 00:20:40,536 DEBUG  -=TestNG EXECUTOR=-  ................................................................
2017-03-02 00:20:40,536 DEBUG  -=TestNG EXECUTOR=-  checkMortgagePaymentCalculator from [TestClass name=class aqa.TestE2E]  is  starting ...
2017-03-02 00:20:40,536 DEBUG  -=TestNG EXECUTOR=-  ................................................................
2017-03-02 00:20:42,378 DEBUG  -=TestNG EXECUTOR=-  checkMortgagePaymentCalculator from [TestClass name=class aqa.TestE2E]  PASSED
2017-03-02 00:20:43,309 DEBUG  -=TestNG EXECUTOR=-  !!!!!!!!!!!!!!!!!!!!!!!!!!!!!!!!!!!!!!!!!!!!!!!!!!!!!!!!!!!!!!!!!
2017-03-02 00:20:43,309 DEBUG  -=TestNG EXECUTOR=-  Corevalue test task  has FINISHED ...
2017-03-02 00:20:43,309 DEBUG  -=TestNG EXECUTOR=-  TestNG has finished, took around 21 seconds
2017-03-02 00:20:43,309 DEBUG  -=TestNG EXECUTOR=-  
2017-03-02 00:20:43,309 DEBUG  -=TestNG EXECUTOR=-  
